-- The C compiler identification is GNU 11.4.0
-- The CXX compiler identification is GNU 11.4.0
-- Detecting C compiler ABI info
-- Detecting C compiler ABI info - done
-- Check for working C compiler: /usr/bin/cc - skipped
-- Detecting C compile features
-- Detecting C compile features - done
-- Detecting CXX compiler ABI info
-- Detecting CXX compiler ABI info - done
-- Check for working CXX compiler: /usr/bin/c++ - skipped
-- Detecting CXX compile features
-- Detecting CXX compile features - done
-- Found ament_cmake: 1.3.8 (/opt/ros/humble/share/ament_cmake/cmake)
-- Found Python3: /usr/bin/python3 (found version "3.10.12") found components: Interpreter 
-- Found rclcpp: 16.0.8 (/opt/ros/humble/share/rclcpp/cmake)
-- Found rosidl_generator_c: 3.1.5 (/opt/ros/humble/share/rosidl_generator_c/cmake)
-- Found rosidl_adapter: 3.1.5 (/opt/ros/humble/share/rosidl_adapter/cmake)
-- Found rosidl_generator_cpp: 3.1.5 (/opt/ros/humble/share/rosidl_generator_cpp/cmake)
-- Using all available rosidl_typesupport_c: rosidl_typesupport_fastrtps_c;rosidl_typesupport_introspection_c
-- Using all available rosidl_typesupport_cpp: rosidl_typesupport_fastrtps_cpp;rosidl_typesupport_introspection_cpp
-- Found rmw_implementation_cmake: 6.1.1 (/opt/ros/humble/share/rmw_implementation_cmake/cmake)
-- Found rmw_fastrtps_cpp: 6.2.6 (/opt/ros/humble/share/rmw_fastrtps_cpp/cmake)
-- Found OpenSSL: /usr/lib/x86_64-linux-gnu/libcrypto.so (found version "3.0.2")  
-- Found FastRTPS: /opt/ros/humble/include  
-- Using RMW implementation 'rmw_fastrtps_cpp' as default
-- Looking for pthread.h
-- Looking for pthread.h - found
-- Performing Test CMAKE_HAVE_LIBC_PTHREAD
-- Performing Test CMAKE_HAVE_LIBC_PTHREAD - Success
-- Found Threads: TRUE  
-- Found sensor_msgs: 4.2.3 (/opt/ros/humble/share/sensor_msgs/cmake)
-- Found cv_bridge: 3.2.1 (/opt/ros/humble/share/cv_bridge/cmake)
-- Found message_filters: 4.3.3 (/opt/ros/humble/share/message_filters/cmake)
-- Found ORB_SLAM3: /home/ole/Dev/project-amado/orb-slam3-stereo-fixed-master/lib/libORB_SLAM3.so  
-- Found tf2: 0.25.6 (/opt/ros/humble/share/tf2/cmake)
-- Found tf2_ros: 0.25.6 (/opt/ros/humble/share/tf2_ros/cmake)
-- Configuring done
-- Generating done
-- Build files have been written to: /home/ole/Dev/project-amado/orb_slam3_ros2_ws/build/orbslam3
[ 16%] [32mBuilding CXX object CMakeFiles/mono.dir/src/monocular/monocular-slam-node.cpp.o[0m
[ 33%] [32mBuilding CXX object CMakeFiles/mono-inertial.dir/src/mono-inertial/mono-inertial.cpp.o[0m
[ 50%] [32mBuilding CXX object CMakeFiles/mono.dir/src/monocular/mono.cpp.o[0m
[ 66%] [32mBuilding CXX object CMakeFiles/mono-inertial.dir/src/mono-inertial/mono-inertial-slam-node.cpp.o[0m
In file included from [01m[K/home/ole/Dev/project-amado/orb-slam3-stereo-fixed-master/include/Frame.h:30[m[K,
                 from [01m[K/home/ole/Dev/project-amado/orb-slam3-stereo-fixed-master/include/KeyFrame.h:28[m[K,
                 from [01m[K/home/ole/Dev/project-amado/orb-slam3-stereo-fixed-master/include/MapPoint.h:23[m[K,
                 from [01m[K/home/ole/Dev/project-amado/orb-slam3-stereo-fixed-master/include/FrameDrawer.h:24[m[K,
                 from [01m[K/home/ole/Dev/project-amado/orb-slam3-stereo-fixed-master/include/Viewer.h:23[m[K,
                 from [01m[K/home/ole/Dev/project-amado/orb-slam3-stereo-fixed-master/include/Tracking.h:26[m[K,
                 from [01m[K/home/ole/Dev/project-amado/orb-slam3-stereo-fixed-master/include/System.h:31[m[K,
                 from [01m[K/home/ole/Dev/project-amado/orb_slam3_ros2_ws/orb_slam3_ros2-main/src/monocular/monocular-slam-node.hpp:12[m[K,
                 from [01m[K/home/ole/Dev/project-amado/orb_slam3_ros2_ws/orb_slam3_ros2-main/src/monocular/mono.cpp:7[m[K:
[01m[K/home/ole/Dev/project-amado/orb-slam3-stereo-fixed-master/include/ImuTypes.h:29:10:[m[K [01;31m[Kfatal error: [m[Ksophus/se3.hpp: No such file or directory
   29 | #include [01;31m[K<sophus/se3.hpp>[m[K
      |          [01;31m[K^~~~~~~~~~~~~~~~[m[K
compilation terminated.
In file included from [01m[K/home/ole/Dev/project-amado/orb-slam3-stereo-fixed-master/include/Frame.h:30[m[K,
                 from [01m[K/home/ole/Dev/project-amado/orb-slam3-stereo-fixed-master/include/KeyFrame.h:28[m[K,
                 from [01m[K/home/ole/Dev/project-amado/orb-slam3-stereo-fixed-master/include/MapPoint.h:23[m[K,
                 from [01m[K/home/ole/Dev/project-amado/orb-slam3-stereo-fixed-master/include/FrameDrawer.h:24[m[K,
                 from [01m[K/home/ole/Dev/project-amado/orb-slam3-stereo-fixed-master/include/Viewer.h:23[m[K,
                 from [01m[K/home/ole/Dev/project-amado/orb-slam3-stereo-fixed-master/include/Tracking.h:26[m[K,
                 from [01m[K/home/ole/Dev/project-amado/orb-slam3-stereo-fixed-master/include/System.h:31[m[K,
                 from [01m[K/home/ole/Dev/project-amado/orb_slam3_ros2_ws/orb_slam3_ros2-main/src/mono-inertial/mono-inertial-slam-node.hpp:13[m[K,
                 from [01m[K/home/ole/Dev/project-amado/orb_slam3_ros2_ws/orb_slam3_ros2-main/src/mono-inertial/mono-inertial.cpp:7[m[K:
[01m[K/home/ole/Dev/project-amado/orb-slam3-stereo-fixed-master/include/ImuTypes.h:29:10:[m[K [01;31m[Kfatal error: [m[Ksophus/se3.hpp: No such file or directory
   29 | #include [01;31m[K<sophus/se3.hpp>[m[K
      |          [01;31m[K^~~~~~~~~~~~~~~~[m[K
compilation terminated.
gmake[2]: *** [CMakeFiles/mono.dir/build.make:76: CMakeFiles/mono.dir/src/monocular/mono.cpp.o] Error 1
gmake[2]: *** Waiting for unfinished jobs....
gmake[2]: *** [CMakeFiles/mono-inertial.dir/build.make:76: CMakeFiles/mono-inertial.dir/src/mono-inertial/mono-inertial.cpp.o] Error 1
gmake[2]: *** Waiting for unfinished jobs....
In file included from [01m[K/home/ole/Dev/project-amado/orb-slam3-stereo-fixed-master/include/Frame.h:30[m[K,
                 from [01m[K/home/ole/Dev/project-amado/orb-slam3-stereo-fixed-master/include/KeyFrame.h:28[m[K,
                 from [01m[K/home/ole/Dev/project-amado/orb-slam3-stereo-fixed-master/include/MapPoint.h:23[m[K,
                 from [01m[K/home/ole/Dev/project-amado/orb-slam3-stereo-fixed-master/include/FrameDrawer.h:24[m[K,
                 from [01m[K/home/ole/Dev/project-amado/orb-slam3-stereo-fixed-master/include/Viewer.h:23[m[K,
                 from [01m[K/home/ole/Dev/project-amado/orb-slam3-stereo-fixed-master/include/Tracking.h:26[m[K,
                 from [01m[K/home/ole/Dev/project-amado/orb-slam3-stereo-fixed-master/include/System.h:31[m[K,
                 from [01m[K/home/ole/Dev/project-amado/orb_slam3_ros2_ws/orb_slam3_ros2-main/src/monocular/monocular-slam-node.hpp:12[m[K,
                 from [01m[K/home/ole/Dev/project-amado/orb_slam3_ros2_ws/orb_slam3_ros2-main/src/monocular/monocular-slam-node.cpp:1[m[K:
[01m[K/home/ole/Dev/project-amado/orb-slam3-stereo-fixed-master/include/ImuTypes.h:29:10:[m[K [01;31m[Kfatal error: [m[Ksophus/se3.hpp: No such file or directory
   29 | #include [01;31m[K<sophus/se3.hpp>[m[K
      |          [01;31m[K^~~~~~~~~~~~~~~~[m[K
compilation terminated.
gmake[2]: *** [CMakeFiles/mono.dir/build.make:90: CMakeFiles/mono.dir/src/monocular/monocular-slam-node.cpp.o] Error 1
gmake[1]: *** [CMakeFiles/Makefile2:139: CMakeFiles/mono.dir/all] Error 2
gmake[1]: *** Waiting for unfinished jobs....
In file included from [01m[K/home/ole/Dev/project-amado/orb-slam3-stereo-fixed-master/include/Frame.h:30[m[K,
                 from [01m[K/home/ole/Dev/project-amado/orb-slam3-stereo-fixed-master/include/KeyFrame.h:28[m[K,
                 from [01m[K/home/ole/Dev/project-amado/orb-slam3-stereo-fixed-master/include/MapPoint.h:23[m[K,
                 from [01m[K/home/ole/Dev/project-amado/orb-slam3-stereo-fixed-master/include/FrameDrawer.h:24[m[K,
                 from [01m[K/home/ole/Dev/project-amado/orb-slam3-stereo-fixed-master/include/Viewer.h:23[m[K,
                 from [01m[K/home/ole/Dev/project-amado/orb-slam3-stereo-fixed-master/include/Tracking.h:26[m[K,
                 from [01m[K/home/ole/Dev/project-amado/orb-slam3-stereo-fixed-master/include/System.h:31[m[K,
                 from [01m[K/home/ole/Dev/project-amado/orb_slam3_ros2_ws/orb_slam3_ros2-main/src/mono-inertial/mono-inertial-slam-node.hpp:13[m[K,
                 from [01m[K/home/ole/Dev/project-amado/orb_slam3_ros2_ws/orb_slam3_ros2-main/src/mono-inertial/mono-inertial-slam-node.cpp:1[m[K:
[01m[K/home/ole/Dev/project-amado/orb-slam3-stereo-fixed-master/include/ImuTypes.h:29:10:[m[K [01;31m[Kfatal error: [m[Ksophus/se3.hpp: No such file or directory
   29 | #include [01;31m[K<sophus/se3.hpp>[m[K
      |          [01;31m[K^~~~~~~~~~~~~~~~[m[K
compilation terminated.
gmake[2]: *** [CMakeFiles/mono-inertial.dir/build.make:90: CMakeFiles/mono-inertial.dir/src/mono-inertial/mono-inertial-slam-node.cpp.o] Error 1
gmake[1]: *** [CMakeFiles/Makefile2:165: CMakeFiles/mono-inertial.dir/all] Error 2
gmake: *** [Makefile:146: all] Error 2
