[0.006s] Invoking command in '/home/ole/Dev/project-amado/orb_slam3_ros2_ws/build/orbslam3': CMAKE_PREFIX_PATH=${CMAKE_PREFIX_PATH}:/home/ole/Dev/tello-ros2/workspace/install/tello:/home/ole/Dev/tello-ros2/workspace/install/flask_api_pkg:/home/ole/Dev/tello-ros2/workspace/install/flask-api:/home/ole/Dev/tello-ros2/workspace/install/firestore_pkg:/opt/ros/humble /usr/bin/cmake /home/ole/Dev/project-amado/orb_slam3_ros2_ws/orb_slam3_ros2-main -DCMAKE_INSTALL_PREFIX=/home/ole/Dev/project-amado/orb_slam3_ros2_ws/install/orbslam3
[0.046s] -- The C compiler identification is GNU 11.4.0
[0.083s] -- The CXX compiler identification is GNU 11.4.0
[0.088s] -- Detecting C compiler ABI info
[0.135s] -- Detecting C compiler ABI info - done
[0.140s] -- Check for working C compiler: /usr/bin/cc - skipped
[0.140s] -- Detecting C compile features
[0.141s] -- Detecting C compile features - done
[0.143s] -- Detecting CXX compiler ABI info
[0.194s] -- Detecting CXX compiler ABI info - done
[0.199s] -- Check for working CXX compiler: /usr/bin/c++ - skipped
[0.199s] -- Detecting CXX compile features
[0.199s] -- Detecting CXX compile features - done
[0.203s] -- Found ament_cmake: 1.3.8 (/opt/ros/humble/share/ament_cmake/cmake)
[0.307s] -- Found Python3: /usr/bin/python3 (found version "3.10.12") found components: Interpreter 
[0.379s] -- Found rclcpp: 16.0.8 (/opt/ros/humble/share/rclcpp/cmake)
[0.418s] -- Found rosidl_generator_c: 3.1.5 (/opt/ros/humble/share/rosidl_generator_c/cmake)
[0.423s] -- Found rosidl_adapter: 3.1.5 (/opt/ros/humble/share/rosidl_adapter/cmake)
[0.431s] -- Found rosidl_generator_cpp: 3.1.5 (/opt/ros/humble/share/rosidl_generator_cpp/cmake)
[0.443s] -- Using all available rosidl_typesupport_c: rosidl_typesupport_fastrtps_c;rosidl_typesupport_introspection_c
[0.458s] -- Using all available rosidl_typesupport_cpp: rosidl_typesupport_fastrtps_cpp;rosidl_typesupport_introspection_cpp
[0.513s] -- Found rmw_implementation_cmake: 6.1.1 (/opt/ros/humble/share/rmw_implementation_cmake/cmake)
[0.515s] -- Found rmw_fastrtps_cpp: 6.2.6 (/opt/ros/humble/share/rmw_fastrtps_cpp/cmake)
[0.583s] -- Found OpenSSL: /usr/lib/x86_64-linux-gnu/libcrypto.so (found version "3.0.2")  
[0.603s] -- Found FastRTPS: /opt/ros/humble/include  
[0.637s] -- Using RMW implementation 'rmw_fastrtps_cpp' as default
[0.645s] -- Looking for pthread.h
[0.693s] -- Looking for pthread.h - found
[0.693s] -- Performing Test CMAKE_HAVE_LIBC_PTHREAD
[0.744s] -- Performing Test CMAKE_HAVE_LIBC_PTHREAD - Success
[0.745s] -- Found Threads: TRUE  
[0.857s] -- Found sensor_msgs: 4.2.3 (/opt/ros/humble/share/sensor_msgs/cmake)
[0.944s] -- Found cv_bridge: 3.2.1 (/opt/ros/humble/share/cv_bridge/cmake)
[0.953s] -- Found message_filters: 4.3.3 (/opt/ros/humble/share/message_filters/cmake)
[0.975s] -- Found ORB_SLAM3: /home/ole/Dev/project-amado/orb-slam3-stereo-fixed-master/lib/libORB_SLAM3.so  
[0.977s] -- Found tf2: 0.25.6 (/opt/ros/humble/share/tf2/cmake)
[0.989s] -- Found tf2_ros: 0.25.6 (/opt/ros/humble/share/tf2_ros/cmake)
[1.277s] -- Configuring done
[1.290s] -- Generating done
[1.291s] -- Build files have been written to: /home/ole/Dev/project-amado/orb_slam3_ros2_ws/build/orbslam3
[1.299s] Invoked command in '/home/ole/Dev/project-amado/orb_slam3_ros2_ws/build/orbslam3' returned '0': CMAKE_PREFIX_PATH=${CMAKE_PREFIX_PATH}:/home/ole/Dev/tello-ros2/workspace/install/tello:/home/ole/Dev/tello-ros2/workspace/install/flask_api_pkg:/home/ole/Dev/tello-ros2/workspace/install/flask-api:/home/ole/Dev/tello-ros2/workspace/install/firestore_pkg:/opt/ros/humble /usr/bin/cmake /home/ole/Dev/project-amado/orb_slam3_ros2_ws/orb_slam3_ros2-main -DCMAKE_INSTALL_PREFIX=/home/ole/Dev/project-amado/orb_slam3_ros2_ws/install/orbslam3
[1.300s] Invoking command in '/home/ole/Dev/project-amado/orb_slam3_ros2_ws/build/orbslam3': CMAKE_PREFIX_PATH=${CMAKE_PREFIX_PATH}:/home/ole/Dev/tello-ros2/workspace/install/tello:/home/ole/Dev/tello-ros2/workspace/install/flask_api_pkg:/home/ole/Dev/tello-ros2/workspace/install/flask-api:/home/ole/Dev/tello-ros2/workspace/install/firestore_pkg:/opt/ros/humble /usr/bin/cmake --build /home/ole/Dev/project-amado/orb_slam3_ros2_ws/build/orbslam3 -- -j12 -l12
[1.336s] [ 16%] [32mBuilding CXX object CMakeFiles/mono.dir/src/monocular/monocular-slam-node.cpp.o[0m
[1.336s] [ 33%] [32mBuilding CXX object CMakeFiles/mono-inertial.dir/src/mono-inertial/mono-inertial.cpp.o[0m
[1.339s] [ 50%] [32mBuilding CXX object CMakeFiles/mono.dir/src/monocular/mono.cpp.o[0m
[1.340s] [ 66%] [32mBuilding CXX object CMakeFiles/mono-inertial.dir/src/mono-inertial/mono-inertial-slam-node.cpp.o[0m
[1.888s] In file included from [01m[K/home/ole/Dev/project-amado/orb-slam3-stereo-fixed-master/include/Frame.h:30[m[K,
[1.888s]                  from [01m[K/home/ole/Dev/project-amado/orb-slam3-stereo-fixed-master/include/KeyFrame.h:28[m[K,
[1.888s]                  from [01m[K/home/ole/Dev/project-amado/orb-slam3-stereo-fixed-master/include/MapPoint.h:23[m[K,
[1.888s]                  from [01m[K/home/ole/Dev/project-amado/orb-slam3-stereo-fixed-master/include/FrameDrawer.h:24[m[K,
[1.889s]                  from [01m[K/home/ole/Dev/project-amado/orb-slam3-stereo-fixed-master/include/Viewer.h:23[m[K,
[1.889s]                  from [01m[K/home/ole/Dev/project-amado/orb-slam3-stereo-fixed-master/include/Tracking.h:26[m[K,
[1.889s]                  from [01m[K/home/ole/Dev/project-amado/orb-slam3-stereo-fixed-master/include/System.h:31[m[K,
[1.889s]                  from [01m[K/home/ole/Dev/project-amado/orb_slam3_ros2_ws/orb_slam3_ros2-main/src/monocular/monocular-slam-node.hpp:12[m[K,
[1.889s]                  from [01m[K/home/ole/Dev/project-amado/orb_slam3_ros2_ws/orb_slam3_ros2-main/src/monocular/mono.cpp:7[m[K:
[1.889s] [01m[K/home/ole/Dev/project-amado/orb-slam3-stereo-fixed-master/include/ImuTypes.h:29:10:[m[K [01;31m[Kfatal error: [m[Ksophus/se3.hpp: No such file or directory
[1.889s]    29 | #include [01;31m[K<sophus/se3.hpp>[m[K
[1.889s]       |          [01;31m[K^~~~~~~~~~~~~~~~[m[K
[1.889s] compilation terminated.
[1.892s] In file included from [01m[K/home/ole/Dev/project-amado/orb-slam3-stereo-fixed-master/include/Frame.h:30[m[K,
[1.892s]                  from [01m[K/home/ole/Dev/project-amado/orb-slam3-stereo-fixed-master/include/KeyFrame.h:28[m[K,
[1.892s]                  from [01m[K/home/ole/Dev/project-amado/orb-slam3-stereo-fixed-master/include/MapPoint.h:23[m[K,
[1.892s]                  from [01m[K/home/ole/Dev/project-amado/orb-slam3-stereo-fixed-master/include/FrameDrawer.h:24[m[K,
[1.892s]                  from [01m[K/home/ole/Dev/project-amado/orb-slam3-stereo-fixed-master/include/Viewer.h:23[m[K,
[1.892s]                  from [01m[K/home/ole/Dev/project-amado/orb-slam3-stereo-fixed-master/include/Tracking.h:26[m[K,
[1.892s]                  from [01m[K/home/ole/Dev/project-amado/orb-slam3-stereo-fixed-master/include/System.h:31[m[K,
[1.892s]                  from [01m[K/home/ole/Dev/project-amado/orb_slam3_ros2_ws/orb_slam3_ros2-main/src/mono-inertial/mono-inertial-slam-node.hpp:13[m[K,
[1.892s]                  from [01m[K/home/ole/Dev/project-amado/orb_slam3_ros2_ws/orb_slam3_ros2-main/src/mono-inertial/mono-inertial.cpp:7[m[K:
[1.892s] [01m[K/home/ole/Dev/project-amado/orb-slam3-stereo-fixed-master/include/ImuTypes.h:29:10:[m[K [01;31m[Kfatal error: [m[Ksophus/se3.hpp: No such file or directory
[1.893s]    29 | #include [01;31m[K<sophus/se3.hpp>[m[K
[1.893s]       |          [01;31m[K^~~~~~~~~~~~~~~~[m[K
[1.893s] compilation terminated.
[1.895s] gmake[2]: *** [CMakeFiles/mono.dir/build.make:76: CMakeFiles/mono.dir/src/monocular/mono.cpp.o] Error 1
[1.896s] gmake[2]: *** Waiting for unfinished jobs....
[1.896s] gmake[2]: *** [CMakeFiles/mono-inertial.dir/build.make:76: CMakeFiles/mono-inertial.dir/src/mono-inertial/mono-inertial.cpp.o] Error 1
[1.896s] gmake[2]: *** Waiting for unfinished jobs....
[1.921s] In file included from [01m[K/home/ole/Dev/project-amado/orb-slam3-stereo-fixed-master/include/Frame.h:30[m[K,
[1.921s]                  from [01m[K/home/ole/Dev/project-amado/orb-slam3-stereo-fixed-master/include/KeyFrame.h:28[m[K,
[1.921s]                  from [01m[K/home/ole/Dev/project-amado/orb-slam3-stereo-fixed-master/include/MapPoint.h:23[m[K,
[1.921s]                  from [01m[K/home/ole/Dev/project-amado/orb-slam3-stereo-fixed-master/include/FrameDrawer.h:24[m[K,
[1.921s]                  from [01m[K/home/ole/Dev/project-amado/orb-slam3-stereo-fixed-master/include/Viewer.h:23[m[K,
[1.921s]                  from [01m[K/home/ole/Dev/project-amado/orb-slam3-stereo-fixed-master/include/Tracking.h:26[m[K,
[1.921s]                  from [01m[K/home/ole/Dev/project-amado/orb-slam3-stereo-fixed-master/include/System.h:31[m[K,
[1.921s]                  from [01m[K/home/ole/Dev/project-amado/orb_slam3_ros2_ws/orb_slam3_ros2-main/src/monocular/monocular-slam-node.hpp:12[m[K,
[1.921s]                  from [01m[K/home/ole/Dev/project-amado/orb_slam3_ros2_ws/orb_slam3_ros2-main/src/monocular/monocular-slam-node.cpp:1[m[K:
[1.922s] [01m[K/home/ole/Dev/project-amado/orb-slam3-stereo-fixed-master/include/ImuTypes.h:29:10:[m[K [01;31m[Kfatal error: [m[Ksophus/se3.hpp: No such file or directory
[1.922s]    29 | #include [01;31m[K<sophus/se3.hpp>[m[K
[1.922s]       |          [01;31m[K^~~~~~~~~~~~~~~~[m[K
[1.922s] compilation terminated.
[1.925s] gmake[2]: *** [CMakeFiles/mono.dir/build.make:90: CMakeFiles/mono.dir/src/monocular/monocular-slam-node.cpp.o] Error 1
[1.925s] gmake[1]: *** [CMakeFiles/Makefile2:139: CMakeFiles/mono.dir/all] Error 2
[1.925s] gmake[1]: *** Waiting for unfinished jobs....
[1.987s] In file included from [01m[K/home/ole/Dev/project-amado/orb-slam3-stereo-fixed-master/include/Frame.h:30[m[K,
[1.987s]                  from [01m[K/home/ole/Dev/project-amado/orb-slam3-stereo-fixed-master/include/KeyFrame.h:28[m[K,
[1.987s]                  from [01m[K/home/ole/Dev/project-amado/orb-slam3-stereo-fixed-master/include/MapPoint.h:23[m[K,
[1.988s]                  from [01m[K/home/ole/Dev/project-amado/orb-slam3-stereo-fixed-master/include/FrameDrawer.h:24[m[K,
[1.988s]                  from [01m[K/home/ole/Dev/project-amado/orb-slam3-stereo-fixed-master/include/Viewer.h:23[m[K,
[1.988s]                  from [01m[K/home/ole/Dev/project-amado/orb-slam3-stereo-fixed-master/include/Tracking.h:26[m[K,
[1.988s]                  from [01m[K/home/ole/Dev/project-amado/orb-slam3-stereo-fixed-master/include/System.h:31[m[K,
[1.988s]                  from [01m[K/home/ole/Dev/project-amado/orb_slam3_ros2_ws/orb_slam3_ros2-main/src/mono-inertial/mono-inertial-slam-node.hpp:13[m[K,
[1.988s]                  from [01m[K/home/ole/Dev/project-amado/orb_slam3_ros2_ws/orb_slam3_ros2-main/src/mono-inertial/mono-inertial-slam-node.cpp:1[m[K:
[1.988s] [01m[K/home/ole/Dev/project-amado/orb-slam3-stereo-fixed-master/include/ImuTypes.h:29:10:[m[K [01;31m[Kfatal error: [m[Ksophus/se3.hpp: No such file or directory
[1.988s]    29 | #include [01;31m[K<sophus/se3.hpp>[m[K
[1.988s]       |          [01;31m[K^~~~~~~~~~~~~~~~[m[K
[1.988s] compilation terminated.
[1.993s] gmake[2]: *** [CMakeFiles/mono-inertial.dir/build.make:90: CMakeFiles/mono-inertial.dir/src/mono-inertial/mono-inertial-slam-node.cpp.o] Error 1
[1.993s] gmake[1]: *** [CMakeFiles/Makefile2:165: CMakeFiles/mono-inertial.dir/all] Error 2
[1.993s] gmake: *** [Makefile:146: all] Error 2
[1.995s] Invoked command in '/home/ole/Dev/project-amado/orb_slam3_ros2_ws/build/orbslam3' returned '2': CMAKE_PREFIX_PATH=${CMAKE_PREFIX_PATH}:/home/ole/Dev/tello-ros2/workspace/install/tello:/home/ole/Dev/tello-ros2/workspace/install/flask_api_pkg:/home/ole/Dev/tello-ros2/workspace/install/flask-api:/home/ole/Dev/tello-ros2/workspace/install/firestore_pkg:/opt/ros/humble /usr/bin/cmake --build /home/ole/Dev/project-amado/orb_slam3_ros2_ws/build/orbslam3 -- -j12 -l12
